[    0.000000] Initializing cgroup subsys cpuset
[    0.000000] Initializing cgroup subsys cpu
[    0.000000] Initializing cgroup subsys cpuacct
[    0.000000] Linux version 4.4.0-210-generic (buildd@lgw01-amd64-009) (gcc version 5.4.0 20160609 (Ubuntu 5.4.0-6ubuntu1~16.04.12) ) #242-Ubuntu SMP Fri Apr 16 09:57:56 UTC 2021 (Ubuntu 4.4.0-210.242-generic 4.4.262)
[    0.000000] Command line: BOOT_IMAGE=/boot/vmlinuz-4.4.0-210-generic root=LABEL=cloudimg-rootfs ro console=tty1 console=ttyS0
[    0.000000] KERNEL supported cpus:
[    0.000000]   Intel GenuineIntel
[    0.000000]   AMD AuthenticAMD
[    0.000000]   Centaur CentaurHauls
[    0.000000] x86/fpu: xstate_offset[2]:  576, xstate_sizes[2]:  256
[    0.000000] x86/fpu: Supporting XSAVE feature 0x01: 'x87 floating point registers'
[    0.000000] x86/fpu: Supporting XSAVE feature 0x02: 'SSE registers'
[    0.000000] x86/fpu: Supporting XSAVE feature 0x04: 'AVX registers'
[    0.000000] x86/fpu: Enabled xstate features 0x7, context size is 832 bytes, using 'standard' format.
[    0.000000] e820: BIOS-provided physical RAM map:
[    0.000000] BIOS-e820: [mem 0x0000000000000000-0x000000000009fbff] usable
[    0.000000] BIOS-e820: [mem 0x000000000009fc00-0x000000000009ffff] reserved
[    0.000000] BIOS-e820: [mem 0x00000000000f0000-0x00000000000fffff] reserved
[    0.000000] BIOS-e820: [mem 0x0000000000100000-0x00000000dffeffff] usable
[    0.000000] BIOS-e820: [mem 0x00000000dfff0000-0x00000000dfffffff] ACPI data
[    0.000000] BIOS-e820: [mem 0x00000000fec00000-0x00000000fec00fff] reserved
[    0.000000] BIOS-e820: [mem 0x00000000fee00000-0x00000000fee00fff] reserved
[    0.000000] BIOS-e820: [mem 0x00000000fffc0000-0x00000000ffffffff] reserved
[    0.000000] BIOS-e820: [mem 0x0000000100000000-0x000000011fffffff] usable
[    0.000000] NX (Execute Disable) protection: active
[    0.000000] SMBIOS 2.5 present.
[    0.000000] Hypervisor detected: KVM
[    0.000000] Kernel/User page tables isolation: disabled
[    0.000000] e820: last_pfn = 0x120000 max_arch_pfn = 0x400000000
[    0.000000] MTRR: Disabled
[    0.000000] x86/PAT: MTRRs disabled, skipping PAT initialization too.
[    0.000000] CPU MTRRs all blank - virtualized system.
[    0.000000] x86/PAT: Configuration [0-7]: WB  WT  UC- UC  WB  WT  UC- UC  
[    0.000000] e820: last_pfn = 0xdfff0 max_arch_pfn = 0x400000000
[    0.000000] found SMP MP-table at [mem 0x0009fff0-0x0009ffff] mapped at [ffff88000009fff0]
[    0.000000] Scanning 1 areas for low memory corruption
[    0.000000] RAMDISK: [mem 0x362dc000-0x37165fff]
[    0.000000] ACPI: Early table checksum verification disabled
[    0.000000] ACPI: RSDP 0x00000000000E0000 000024 (v02 VBOX  )
[    0.000000] ACPI: XSDT 0x00000000DFFF0030 00003C (v01 VBOX   VBOXXSDT 00000001 ASL  00000061)
[    0.000000] ACPI: FACP 0x00000000DFFF00F0 0000F4 (v04 VBOX   VBOXFACP 00000001 ASL  00000061)
[    0.000000] ACPI: DSDT 0x00000000DFFF0470 002325 (v02 VBOX   VBOXBIOS 00000002 INTL 20100528)
[    0.000000] ACPI: FACS 0x00000000DFFF0200 000040
[    0.000000] ACPI: FACS 0x00000000DFFF0200 000040
[    0.000000] ACPI: APIC 0x00000000DFFF0240 00005C (v02 VBOX   VBOXAPIC 00000001 ASL  00000061)
[    0.000000] ACPI: SSDT 0x00000000DFFF02A0 0001CC (v01 VBOX   VBOXCPUT 00000002 INTL 20100528)
[    0.000000] No NUMA configuration found
[    0.000000] Faking a node at [mem 0x0000000000000000-0x000000011fffffff]
[    0.000000] NODE_DATA(0) allocated [mem 0x11fff7000-0x11fffbfff]
[    0.000000] kvm-clock: Using msrs 4b564d01 and 4b564d00
[    0.000000] kvm-clock: cpu 0, msr 1:1ffef001, primary cpu clock
[    0.000000] kvm-clock: using sched offset of 3282903853 cycles
[    0.000000] clocksource: kvm-clock: mask: 0xffffffffffffffff max_cycles: 0x1cd42e4dffb, max_idle_ns: 881590591483 ns
[    0.000000] Zone ranges:
[    0.000000]   DMA      [mem 0x0000000000001000-0x0000000000ffffff]
[    0.000000]   DMA32    [mem 0x0000000001000000-0x00000000ffffffff]
[    0.000000]   Normal   [mem 0x0000000100000000-0x000000011fffffff]
[    0.000000]   Device   empty
[    0.000000] Movable zone start for each node
[    0.000000] Early memory node ranges
[    0.000000]   node   0: [mem 0x0000000000001000-0x000000000009efff]
[    0.000000]   node   0: [mem 0x0000000000100000-0x00000000dffeffff]
[    0.000000]   node   0: [mem 0x0000000100000000-0x000000011fffffff]
[    0.000000] Initmem setup node 0 [mem 0x0000000000001000-0x000000011fffffff]
[    0.000000] ACPI: PM-Timer IO Port: 0x4008
[    0.000000] IOAPIC[0]: apic_id 2, version 32, address 0xfec00000, GSI 0-23
[    0.000000] ACPI: INT_SRC_OVR (bus 0 bus_irq 0 global_irq 2 dfl dfl)
[    0.000000] ACPI: INT_SRC_OVR (bus 0 bus_irq 9 global_irq 9 low level)
[    0.000000] Using ACPI (MADT) for SMP configuration information
[    0.000000] smpboot: Allowing 2 CPUs, 0 hotplug CPUs
[    0.000000] PM: Registered nosave memory: [mem 0x00000000-0x00000fff]
[    0.000000] PM: Registered nosave memory: [mem 0x0009f000-0x0009ffff]
[    0.000000] PM: Registered nosave memory: [mem 0x000a0000-0x000effff]
[    0.000000] PM: Registered nosave memory: [mem 0x000f0000-0x000fffff]
[    0.000000] PM: Registered nosave memory: [mem 0xdfff0000-0xdfffffff]
[    0.000000] PM: Registered nosave memory: [mem 0xe0000000-0xfebfffff]
[    0.000000] PM: Registered nosave memory: [mem 0xfec00000-0xfec00fff]
[    0.000000] PM: Registered nosave memory: [mem 0xfec01000-0xfedfffff]
[    0.000000] PM: Registered nosave memory: [mem 0xfee00000-0xfee00fff]
[    0.000000] PM: Registered nosave memory: [mem 0xfee01000-0xfffbffff]
[    0.000000] PM: Registered nosave memory: [mem 0xfffc0000-0xffffffff]
[    0.000000] e820: [mem 0xe0000000-0xfebfffff] available for PCI devices
[    0.000000] Booting paravirtualized kernel on KVM
[    0.000000] clocksource: refined-jiffies: mask: 0xffffffff max_cycles: 0xffffffff, max_idle_ns: 7645519600211568 ns
[    0.000000] setup_percpu: NR_CPUS:512 nr_cpumask_bits:512 nr_cpu_ids:2 nr_node_ids:1
[    0.000000] PERCPU: Embedded 33 pages/cpu @ffff88011fc00000 s95192 r8192 d31784 u1048576
[    0.000000] Built 1 zonelists in Node order, mobility grouping on.  Total pages: 1032056
[    0.000000] Policy zone: Normal
[    0.000000] Kernel command line: BOOT_IMAGE=/boot/vmlinuz-4.4.0-210-generic root=LABEL=cloudimg-rootfs ro console=tty1 console=ttyS0
[    0.000000] PID hash table entries: 4096 (order: 3, 32768 bytes)
[    0.000000] Memory: 4028304K/4193848K available (8644K kernel code, 1332K rwdata, 4044K rodata, 1492K init, 1164K bss, 165544K reserved, 0K cma-reserved)
[    0.000000] SLUB: HWalign=64, Order=0-3, MinObjects=0, CPUs=2, Nodes=1
[    0.000000] Hierarchical RCU implementation.
[    0.000000] 	Build-time adjustment of leaf fanout to 64.
[    0.000000] 	RCU restricting CPUs from NR_CPUS=512 to nr_cpu_ids=2.
[    0.000000] RCU: Adjusting geometry for rcu_fanout_leaf=64, nr_cpu_ids=2
[    0.000000] NR_IRQS:33024 nr_irqs:440 16
[    0.000000] Console: colour VGA+ 80x25
[    0.000000] console [tty1] enabled
[    0.000000] console [ttyS0] enabled
[    0.000000] tsc: Detected 2304.002 MHz processor
[    0.291379] Calibrating delay loop (skipped) preset value.. 4608.00 BogoMIPS (lpj=9216008)
[    0.292848] pid_max: default: 32768 minimum: 301
[    0.293563] ACPI: Core revision 20150930
[    0.294880] ACPI: 2 ACPI AML tables successfully acquired and loaded
[    0.295988] Security Framework initialized
[    0.296636] Yama: becoming mindful.
[    0.297222] AppArmor: AppArmor initialized
[    0.300154] Dentry cache hash table entries: 524288 (order: 10, 4194304 bytes)
[    0.306466] Inode-cache hash table entries: 262144 (order: 9, 2097152 bytes)
[    0.307815] Mount-cache hash table entries: 8192 (order: 4, 65536 bytes)
[    0.308760] Mountpoint-cache hash table entries: 8192 (order: 4, 65536 bytes)
[    0.309886] Initializing cgroup subsys io
[    0.310532] Initializing cgroup subsys memory
[    0.311279] Initializing cgroup subsys devices
[    0.311970] Initializing cgroup subsys freezer
[    0.312781] Initializing cgroup subsys net_cls
[    0.313516] Initializing cgroup subsys perf_event
[    0.314234] Initializing cgroup subsys net_prio
[    0.315002] Initializing cgroup subsys hugetlb
[    0.315691] Initializing cgroup subsys pids
[    0.317343] mce: CPU supports 0 MCE banks
[    0.318045] Last level iTLB entries: 4KB 64, 2MB 8, 4MB 8
[    0.318837] Last level dTLB entries: 4KB 64, 2MB 0, 4MB 0, 1GB 4
[    0.319840] Spectre V1 : Mitigation: usercopy/swapgs barriers and __user pointer sanitization
[    0.321245] Spectre V2 : Mitigation: Full generic retpoline
[    0.322057] Spectre V2 : Spectre v2 / SpectreRSB mitigation: Filling RSB on context switch
[    0.323464] Speculative Store Bypass: Vulnerable
[    0.326714] Freeing SMP alternatives memory: 36K
[    0.332239] ftrace: allocating 32380 entries in 127 pages
[    0.378637] smpboot: APIC(0) Converting physical 0 to logical package 0
[    0.380020] smpboot: Max logical packages: 1
[    0.380927] x2apic enabled
[    0.381675] Switched APIC routing to physical x2apic.
[    0.383322] ..TIMER: vector=0x30 apic1=0 pin1=2 apic2=-1 pin2=-1
[    0.492456] smpboot: CPU0: Intel(R) Core(TM) i7-10875H CPU @ 2.30GHz (family: 0x6, model: 0xa5, stepping: 0x2)
[    0.494478] Performance Events: unsupported p6 CPU model 165 no PMU driver, software events only.
[    0.503504] KVM setup paravirtual spinlock
[    0.507122] x86: Booting SMP configuration:
[    0.507766] .... node  #0, CPUs:      #1
[    0.508500] kvm-clock: cpu 1, msr 1:1ffef041, secondary cpu clock
[    0.510327] mce: CPU supports 0 MCE banks
[    0.512766] x86: Booted up 1 node, 2 CPUs
[    0.513843] smpboot: Total of 2 processors activated (9216.00 BogoMIPS)
[    0.515322] devtmpfs: initialized
[    0.517483] evm: security.selinux
[    0.518149] evm: security.SMACK64
[    0.518779] evm: security.SMACK64EXEC
[    0.519767] evm: security.SMACK64TRANSMUTE
[    0.520756] evm: security.SMACK64MMAP
[    0.521469] evm: security.ima
[    0.521982] evm: security.capability
[    0.522786] clocksource: jiffies: mask: 0xffffffff max_cycles: 0xffffffff, max_idle_ns: 7645041785100000 ns
[    0.524364] futex hash table entries: 512 (order: 3, 32768 bytes)
[    0.525399] pinctrl core: initialized pinctrl subsystem
[    0.526617] RTC time: 12:01:51, date: 05/10/22
[    0.527519] NET: Registered protocol family 16
[    0.542411] cpuidle: using governor ladder
[    0.553218] cpuidle: using governor menu
[    0.554057] PCCT header not found.
[    0.554673] ACPI: bus type PCI registered
[    0.555292] acpiphp: ACPI Hot Plug PCI Controller Driver version: 0.5
[    0.556273] PCI: Using configuration type 1 for base access
[    0.572563] ACPI: Added _OSI(Module Device)
[    0.573321] ACPI: Added _OSI(Processor Device)
[    0.574160] ACPI: Added _OSI(3.0 _SCP Extensions)
[    0.574855] ACPI: Added _OSI(Processor Aggregator Device)
[    0.576338] ACPI: Executed 1 blocks of module-level executable AML code
[    0.578694] ACPI: Interpreter enabled
[    0.579664] ACPI: (supports S0 S5)
[    0.580391] ACPI: Using IOAPIC for interrupt routing
[    0.581378] PCI: Using host bridge windows from ACPI; if necessary, use "pci=nocrs" and report a bug
[    0.585568] ACPI: PCI Root Bridge [PCI0] (domain 0000 [bus 00-ff])
[    0.586430] acpi PNP0A03:00: _OSC: OS supports [ASPM ClockPM Segments MSI]
[    0.587635] acpi PNP0A03:00: _OSC: not requesting OS control; OS requires [ExtendedConfig ASPM ClockPM MSI]
[    0.589140] acpi PNP0A03:00: fail to add MMCONFIG information, can't access extended PCI configuration space under this bridge.
[    0.591051] PCI host bridge to bus 0000:00
[    0.591683] pci_bus 0000:00: root bus resource [io  0x0000-0x0cf7 window]
[    0.601366] pci_bus 0000:00: root bus resource [io  0x0d00-0xffff window]
[    0.602658] pci_bus 0000:00: root bus resource [mem 0x000a0000-0x000bffff window]
[    0.604055] pci_bus 0000:00: root bus resource [mem 0xe0000000-0xfdffffff window]
[    0.605308] pci_bus 0000:00: root bus resource [bus 00-ff]
[    0.607568] pci 0000:00:01.1: legacy IDE quirk: reg 0x10: [io  0x01f0-0x01f7]
[    0.608601] pci 0000:00:01.1: legacy IDE quirk: reg 0x14: [io  0x03f6]
[    0.609945] pci 0000:00:01.1: legacy IDE quirk: reg 0x18: [io  0x0170-0x0177]
[    0.611191] pci 0000:00:01.1: legacy IDE quirk: reg 0x1c: [io  0x0376]
[    0.639205] pci 0000:00:07.0: quirk: [io  0x4000-0x403f] claimed by PIIX4 ACPI
[    0.640702] pci 0000:00:07.0: quirk: [io  0x4100-0x410f] claimed by PIIX4 SMB
[    0.650945] ACPI: PCI Interrupt Link [LNKA] (IRQs 5 9 10 *11)
[    0.652302] ACPI: PCI Interrupt Link [LNKB] (IRQs 5 9 *10 11)
[    0.653475] ACPI: PCI Interrupt Link [LNKC] (IRQs 5 *9 10 11)
[    0.654743] ACPI: PCI Interrupt Link [LNKD] (IRQs 5 9 10 *11)
[    0.655964] ACPI: Enabled 2 GPEs in block 00 to 07
[    0.657159] vgaarb: setting as boot device: PCI:0000:00:02.0
[    0.657972] vgaarb: device added: PCI:0000:00:02.0,decodes=io+mem,owns=io+mem,locks=none
[    0.659476] vgaarb: loaded
[    0.660557] vgaarb: bridge control possible 0000:00:02.0
[    0.661784] SCSI subsystem initialized
[    0.662895] ACPI: bus type USB registered
[    0.663622] usbcore: registered new interface driver usbfs
[    0.664841] usbcore: registered new interface driver hub
[    0.665668] usbcore: registered new device driver usb
[    0.666672] PCI: Using ACPI for IRQ routing
[    0.667654] NetLabel: Initializing
[    0.668291] NetLabel:  domain hash size = 128
[    0.669006] NetLabel:  protocols = UNLABELED CIPSOv4
[    0.669766] NetLabel:  unlabeled traffic allowed by default
[    0.670927] amd_nb: Cannot enumerate AMD northbridges
[    0.674016] clocksource: Switched to clocksource kvm-clock
[    0.682825] AppArmor: AppArmor Filesystem Enabled
[    0.683593] pnp: PnP ACPI init
[    0.684789] pnp: PnP ACPI: found 3 devices
[    0.693857] clocksource: acpi_pm: mask: 0xffffff max_cycles: 0xffffff, max_idle_ns: 2085701024 ns
[    0.695257] NET: Registered protocol family 2
[    0.696225] TCP established hash table entries: 32768 (order: 6, 262144 bytes)
[    0.697418] TCP bind hash table entries: 32768 (order: 7, 524288 bytes)
[    0.700682] TCP: Hash tables configured (established 32768 bind 32768)
[    0.701786] UDP hash table entries: 2048 (order: 4, 65536 bytes)
[    0.702852] UDP-Lite hash table entries: 2048 (order: 4, 65536 bytes)
[    0.703901] NET: Registered protocol family 1
[    0.704670] pci 0000:00:00.0: Limiting direct PCI/PCI transfers
[    0.705535] pci 0000:00:01.0: Activating ISA DMA hang workarounds
[    0.706583] Unpacking initramfs...
[    0.905597] Freeing initrd memory: 14888K
[    0.906444] PCI-DMA: Using software bounce buffering for IO (SWIOTLB)
[    0.907766] software IO TLB: mapped [mem 0xdbff0000-0xdfff0000] (64MB)
[    0.908694] clocksource: tsc: mask: 0xffffffffffffffff max_cycles: 0x2135f9f0f74, max_idle_ns: 440795301392 ns
[    0.910272] platform rtc_cmos: registered platform RTC device (no PNP device found)
[    0.911618] Scanning for low memory corruption every 60 seconds
[    0.913035] audit: initializing netlink subsys (disabled)
[    0.913811] audit: type=2000 audit(1652184116.806:1): initialized
[    0.915013] Initialise system trusted keyring
[    0.915916] HugeTLB registered 2 MB page size, pre-allocated 0 pages
[    0.920116] zbud: loaded
[    0.921403] VFS: Disk quotas dquot_6.6.0
[    0.922034] VFS: Dquot-cache hash table entries: 512 (order 0, 4096 bytes)
[    0.923256] squashfs: version 4.0 (2009/01/31) Phillip Lougher
[    0.924564] fuse init (API version 7.23)
[    0.925378] Key type big_key registered
[    0.926089] Allocating IMA MOK and blacklist keyrings.
[    0.927782] Key type asymmetric registered
[    0.928494] Asymmetric key parser 'x509' registered
[    0.929343] Block layer SCSI generic (bsg) driver version 0.4 loaded (major 249)
[    0.932881] io scheduler noop registered
[    0.933605] io scheduler deadline registered (default)
[    0.934555] io scheduler cfq registered
[    0.935368] pci_hotplug: PCI Hot Plug PCI Core version: 0.5
[    0.936270] pciehp: PCI Express Hot Plug Controller Driver version: 0.4
[    0.937432] ACPI: AC Adapter [AC] (on-line)
[    0.938340] input: Power Button as /devices/LNXSYSTM:00/LNXPWRBN:00/input/input0
[    0.940125] ACPI: Power Button [PWRF]
[    0.940931] input: Sleep Button as /devices/LNXSYSTM:00/LNXSLPBN:00/input/input1
[    0.942071] ACPI: Sleep Button [SLPF]
[    0.943087] GHES: HEST is not enabled!
[    0.944167] ACPI: Battery Slot [BAT0] (battery present)
[    0.944958] Serial: 8250/16550 driver, 32 ports, IRQ sharing enabled
[    0.966406] 00:02: ttyS0 at I/O 0x3f8 (irq = 4, base_baud = 115200) is a 16550A
[    0.969359] Linux agpgart interface v0.103
[    0.971556] loop: module loaded
[    0.973251] scsi host0: ata_piix
[    0.974800] scsi host1: ata_piix
[    0.975721] ata1: PATA max UDMA/33 cmd 0x1f0 ctl 0x3f6 bmdma 0xd000 irq 14
[    0.977095] ata2: PATA max UDMA/33 cmd 0x170 ctl 0x376 bmdma 0xd008 irq 15
[    0.978380] libphy: Fixed MDIO Bus: probed
[    0.979262] tun: Universal TUN/TAP device driver, 1.6
[    0.980229] tun: (C) 1999-2004 Max Krasnyansky <maxk@qualcomm.com>
[    0.981475] PPP generic driver version 2.4.2
[    0.982491] ehci_hcd: USB 2.0 'Enhanced' Host Controller (EHCI) Driver
[    0.983744] ehci-pci: EHCI PCI platform driver
[    0.984724] ehci-platform: EHCI generic platform driver
[    0.985799] ohci_hcd: USB 1.1 'Open' Host Controller (OHCI) Driver
[    0.986995] ohci-pci: OHCI PCI platform driver
[    0.987843] ohci-platform: OHCI generic platform driver
[    0.988858] uhci_hcd: USB Universal Host Controller Interface driver
[    0.990041] i8042: PNP: PS/2 Controller [PNP0303:PS2K,PNP0f03:PS2M] at 0x60,0x64 irq 1,12
[    0.992170] serio: i8042 KBD port at 0x60,0x64 irq 1
[    0.993043] serio: i8042 AUX port at 0x60,0x64 irq 12
[    0.994083] mousedev: PS/2 mouse device common for all mice
[    0.995292] input: AT Translated Set 2 keyboard as /devices/platform/i8042/serio0/input/input2
[    0.997042] rtc_cmos rtc_cmos: rtc core: registered rtc_cmos as rtc0
[    0.998235] rtc_cmos rtc_cmos: alarms up to one day, 114 bytes nvram
[    0.999531] i2c /dev entries driver
[    1.000573] device-mapper: uevent: version 1.0.3
[    1.001834] device-mapper: ioctl: 4.34.0-ioctl (2015-10-28) initialised: dm-devel@redhat.com
[    1.003497] ledtrig-cpu: registered to indicate activity on CPUs
[    1.005468] NET: Registered protocol family 10
[    1.006525] NET: Registered protocol family 17
[    1.007297] Key type dns_resolver registered
[    1.008255] registered taskstats version 1
[    1.008948] Loading compiled-in X.509 certificates
[    1.010240] Loaded X.509 cert 'Build time autogenerated kernel key: cf00e047681d67edb2720680708b7d9498083038'
[    1.011793] zswap: loaded using pool lzo/zbud
[    1.014256] Key type trusted registered
[    1.018573] Key type encrypted registered
[    1.019375] AppArmor: AppArmor sha1 policy hashing enabled
[    1.020440] ima: No TPM chip found, activating TPM-bypass!
[    1.021524] ima: Allocated hash algorithm: sha1
[    1.022394] evm: HMAC attrs: 0x1
[    1.023359]   Magic number: 6:976:25
[    1.024154] rtc_cmos rtc_cmos: setting system clock to 2022-05-10 12:01:52 UTC (1652184112)
[    1.025627] BIOS EDD facility v0.16 2004-Jun-25, 0 devices found
[    1.026626] EDD information not available.
[    1.160034] Freeing unused kernel memory: 1492K
[    1.161313] Write protecting the kernel read-only data: 14336k
[    1.162988] Freeing unused kernel memory: 1584K
[    1.164053] Freeing unused kernel memory: 52K
Loading, please wait...
starting version 229
[    1.174345] random: systemd-udevd: uninitialized urandom read (16 bytes read, 2 bits of entropy available)
[    1.174858] random: udevadm: uninitialized urandom read (16 bytes read, 2 bits of entropy available)
[    1.174870] random: udevadm: uninitialized urandom read (16 bytes read, 2 bits of entropy available)
[    1.179716] random: systemd-udevd: uninitialized urandom read (16 bytes read, 2 bits of entropy available)
[    1.180168] random: udevadm: uninitialized urandom read (16 bytes read, 2 bits of entropy available)
[    1.180202] random: udevadm: uninitialized urandom read (16 bytes read, 2 bits of entropy available)
[    1.180340] random: udevadm: uninitialized urandom read (16 bytes read, 2 bits of entropy available)
[    1.180375] random: udevadm: uninitialized urandom read (16 bytes read, 2 bits of entropy available)
[    1.180424] random: udevadm: uninitialized urandom read (16 bytes read, 2 bits of entropy available)
[    1.180456] random: udevadm: uninitialized urandom read (16 bytes read, 2 bits of entropy available)
[    1.216419] Fusion MPT base driver 3.04.20
[    1.217177] Copyright (c) 1999-2008 LSI Corporation
[    1.228516] e1000: Intel(R) PRO/1000 Network Driver - version 7.3.21-k8-NAPI
[    1.229860] e1000: Copyright (c) 1999-2006 Intel Corporation.
[    1.234471] AVX2 version of gcm_enc/dec engaged.
[    1.235267] AES CTR mode by8 optimization enabled
[    1.241462] Fusion MPT SPI Host driver 3.04.20
[    1.453104] input: ImExPS/2 Generic Explorer Mouse as /devices/platform/i8042/serio1/input/input4
[    1.731907] e1000 0000:00:03.0 eth0: (PCI:33MHz:32-bit) 02:be:82:6b:cc:1d
[    1.733202] e1000 0000:00:03.0 eth0: Intel(R) PRO/1000 Network Connection
[    1.734931] mptbase: ioc0: Initiating bringup
[    1.735003] e1000 0000:00:03.0 enp0s3: renamed from eth0
[    1.802773] ioc0: LSI53C1030 A0: Capabilities={Initiator}
[    1.968332] scsi host2: ioc0: LSI53C1030 A0, FwRev=00000000h, Ports=1, MaxQ=256, IRQ=20
[    2.090764] scsi 2:0:0:0: Direct-Access     VBOX     HARDDISK         1.0  PQ: 0 ANSI: 5
[    2.092648] scsi target2:0:0: Beginning Domain Validation
[    2.094641] scsi target2:0:0: Domain Validation skipping write tests
[    2.095695] scsi target2:0:0: Ending Domain Validation
[    2.096687] scsi target2:0:0: asynchronous
[    2.097773] scsi 2:0:1:0: Direct-Access     VBOX     HARDDISK         1.0  PQ: 0 ANSI: 5
[    2.099366] scsi target2:0:1: Beginning Domain Validation
[    2.101255] scsi target2:0:1: Domain Validation skipping write tests
[    2.102409] scsi target2:0:1: Ending Domain Validation
[    2.103337] scsi target2:0:1: asynchronous
[    2.107666] sd 2:0:0:0: Attached scsi generic sg0 type 0
[    2.107853] sd 2:0:0:0: [sda] 83886080 512-byte logical blocks: (42.9 GB/40.0 GiB)
[    2.107956] sd 2:0:0:0: [sda] Write Protect is off
[    2.108039] sd 2:0:0:0: [sda] Incomplete mode parameter data
[    2.108040] sd 2:0:0:0: [sda] Assuming drive cache: write through
[    2.113979] sd 2:0:1:0: Attached scsi generic sg1 type 0
[    2.114614]  sda: sda1
[    2.115806] sd 2:0:1:0: [sdb] 20480 512-byte logical blocks: (10.5 MB/10.0 MiB)
[    2.116283] sd 2:0:0:0: [sda] Attached SCSI disk
[    2.118578] sd 2:0:1:0: [sdb] Write Protect is off
[    2.119767] sd 2:0:1:0: [sdb] Incomplete mode parameter data
[    2.120896] sd 2:0:1:0: [sdb] Assuming drive cache: write through
[    2.124123] sd 2:0:1:0: [sdb] Attached SCSI disk
Begin: Loading essential drivers ... [    3.988751] md: linear personality registered for level -1
[    3.991339] md: multipath personality registered for level -4
[    3.993573] md: raid0 personality registered for level 0
[    3.996437] md: raid1 personality registered for level 1
[    4.066100] raid6: sse2x1   gen() 11844 MB/s
[    4.134091] raid6: sse2x1   xor()  8459 MB/s
[    4.202097] raid6: sse2x2   gen() 15576 MB/s
[    4.270090] raid6: sse2x2   xor()  9684 MB/s
[    4.338074] raid6: sse2x4   gen() 15948 MB/s
[    4.406117] raid6: sse2x4   xor() 10172 MB/s
[    4.474096] raid6: avx2x1   gen() 22320 MB/s
[    4.542100] raid6: avx2x2   gen() 30754 MB/s
[    4.610595] raid6: avx2x4   gen() 32235 MB/s
[    4.612151] raid6: using algorithm avx2x4 gen() 32235 MB/s
[    4.613051] raid6: using avx2x2 recovery algorithm
[    4.615261] xor: automatically using best checksumming function:
[    4.654151]    avx       : 23894.000 MB/sec
[    4.655781] async_tx: api initialized (async)
[    4.663798] md: raid6 personality registered for level 6
[    4.664916] md: raid5 personality registered for level 5
[    4.665700] md: raid4 personality registered for level 4
[    4.672191] md: raid10 personality registered for level 10
done.
Begin: Running /scripts/init-premount ... done.
Begin: Mounting root file system ... Begin: Running /scripts/local-top ... done.
Begin: Running /scripts/local-premount ... [    4.700557] Btrfs loaded
Scanning for Btrfs filesystems
done.
Warning: fsck not present, so skipping root file system
[    4.722616] EXT4-fs (sda1): mounted filesystem with ordered data mode. Opts: (null)
done.
Begin: Running /scripts/local-bottom ... done.
Begin: Running /scripts/init-bottom ... done.
[    4.786815] systemd[1]: systemd 229 running in system mode. (+PAM +AUDIT +SELINUX +IMA +APPARMOR +SMACK +SYSVINIT +UTMP +LIBCRYPTSETUP +GCRYPT +GNUTLS +ACL +XZ -LZ4 +SECCOMP +BLKID +ELFUTILS +KMOD -IDN)
[    4.789946] systemd[1]: Detected virtualization oracle.
[    4.790908] systemd[1]: Detected architecture x86-64.

Welcome to [1mUbuntu 16.04.7 LTS[0m!

[    4.793974] systemd[1]: Set hostname to <ubuntu-xenial>.
[    4.896111] systemd[1]: Reached target User and Group Name Lookups.
[[0;32m  OK  [0m] Reached target User and Group Name Lookups.
[    4.898142] systemd[1]: Listening on LVM2 metadata daemon socket.
[[0;32m  OK  [0m] Listening on LVM2 metadata daemon socket.
[    4.900443] systemd[1]: Listening on Journal Audit Socket.
[[0;32m  OK  [0m] Listening on Journal Audit Socket.
[    4.902558] systemd[1]: Listening on udev Kernel Socket.
[[0;32m  OK  [0m] Listening on udev Kernel Socket.
[    4.904173] systemd[1]: Reached target Swap.
[[0;32m  OK  [0m] Reached target Swap.
[    4.905790] systemd[1]: Listening on /dev/initctl Compatibility Named Pipe.
[[0;32m  OK  [0m] Listening on /dev/initctl Compatibility Named Pipe.
[    4.907867] systemd[1]: Listening on Journal Socket (/dev/log).
[[0;32m  OK  [0m] Listening on Journal Socket (/dev/log).
[    4.909530] systemd[1]: Listening on Syslog Socket.
[[0;32m  OK  [0m] Listening on Syslog Socket.
[    4.911099] systemd[1]: Started Forward Password Requests to Wall Directory Watch.
[[0;32m  OK  [0m] Started Forward Password Requests to Wall Directory Watch.
[    4.913220] systemd[1]: Listening on LVM2 poll daemon socket.
[[0;32m  OK  [0m] Listening on LVM2 poll daemon socket.
[    4.914946] systemd[1]: Created slice User and Session Slice.
[[0;32m  OK  [0m] Created slice User and Session Slice.
[    4.916775] systemd[1]: Listening on Device-mapper event daemon FIFOs.
[[0;32m  OK  [0m] Listening on Device-mapper event daemon FIFOs.
[    4.918781] systemd[1]: Reached target System Time Synchronized.
[[0;32m  OK  [0m] Reached target System Time Synchronized.
[    4.920691] systemd[1]: Started Trigger resolvconf update for networkd DNS.
[[0;32m  OK  [0m] Started Trigger resolvconf update for networkd DNS.
[    4.922891] systemd[1]: Created slice System Slice.
[[0;32m  OK  [0m] Created slice System Slice.
[    4.924600] systemd[1]: Reached target Slices.
[[0;32m  OK  [0m] Reached target Slices.
[    4.926280] systemd[1]: Created slice system-serial\x2dgetty.slice.
[[0;32m  OK  [0m] Created slice system-serial\x2dgetty.slice.
[    4.928206] systemd[1]: Listening on fsck to fsckd communication Socket.
[[0;32m  OK  [0m] Listening on fsck to fsckd communication Socket.
[    4.930434] systemd[1]: Set up automount Arbitrary Executable File Formats File System Automount Point.
[[0;32m  OK  [0m] Set up automount Arbitrary Executab...ats File System Automount Point.
[    4.933309] systemd[1]: Reached target Encrypted Volumes.
[[0;32m  OK  [0m] Reached target Encrypted Volumes.
[    4.935284] systemd[1]: Listening on udev Control Socket.
[[0;32m  OK  [0m] Listening on udev Control Socket.
[    4.936800] systemd[1]: Listening on Journal Socket.
[[0;32m  OK  [0m] Listening on Journal Socket.
[    4.954618] systemd[1]: Starting Create list of required static device nodes for the current kernel...
         Starting Create list of required st... nodes for the current kernel...
[    4.963782] systemd[1]: Mounting Debug File System...
         Mounting Debug File System...
[    4.966117] systemd[1]: Starting Uncomplicated firewall...
         Starting Uncomplicated firewall...
[    4.968569] systemd[1]: Mounting POSIX Message Queue File System...
         Mounting POSIX Message Queue File System...
[    4.971082] systemd[1]: Mounting Huge Pages File System...
         Mounting Huge Pages File System...
[    4.973288] systemd[1]: Starting File System Check on Root Device...
         Starting File System Check on Root Device...
[    4.976841] systemd[1]: Starting Load Kernel Modules...
         Starting Load Kernel Modules...
[    4.981556] systemd[1]: Starting Set console keymap...
         Starting Set console keymap...
[    4.984097] systemd[1]: Starting Nameserver information manager...
         Starting Nameserver information manager...
[    4.988259] systemd[1]: Starting Journal Service...
[    4.991672] Loading iSCSI transport class v2.0-870.
         Starting Journal Service...
[    4.993658] systemd[1]: Starting Monitoring of LVM2 mirrors, snapshots etc. using dmeventd or progress polling...
         Starting Monitoring of LVM2 mirrors... dmeventd or progress polling...
[    4.997843] systemd[1]: Mounted Huge Pages File System.
[[0;32m  OK  [0m] Mounted Huge Pages File System.
[    5.000032] systemd[1]: Mounted POSIX Message Queue File System.
[[0;32m  OK  [0m] Mounted POSIX Message Queue File System.
[    5.002277] systemd[1]: Mounted Debug File System.
[[0;32m  OK  [0m] Mounted Debug File System.
[    5.006967] systemd[1]: Started Create list of required static device nodes for the current kernel.
[[0;32m  OK  [0m] Started Create list of required sta...ce nodes for the current kernel.
[    5.015339] iscsi: registered transport (tcp)
[    5.020014] systemd[1]: Started Uncomplicated firewall.
[[0;32m  OK  [0m] Started Uncomplicated firewall.
[    5.024534] systemd[1]: Started Nameserver information manager.
[[0;32m  OK  [0m] Started Nameserver information manager.
[    5.027473] systemd[1]: Started LVM2 metadata daemon.
[[0;32m  OK  [0m] Started LVM2 metadata daemon.
[    5.031635] systemd[1]: Started File System Check Daemon to report status.
[[0;32m  OK  [0m] Started File System Check Daemon to report status.
[    5.034915] systemd[1]: Starting Create Static Device Nodes in /dev...
         Starting Create Static Device Nodes in /dev...
[    5.037468] systemd[1]: Started File System Check on Root Device.
[[0;32m  OK  [0m] Started File System Check on Root Device.
[    5.040741] systemd[1]: Starting Remount Root and Kernel File Systems...
         Starting Remount Root and Kernel File Systems...
[    5.049182] systemd[1]: Started Create Static Device Nodes in /dev.
[[0;32m  OK  [0m] Started Create Static Device Nodes in /dev.
[    5.052204] systemd[1]: Starting udev Kernel Device Manager...
         Starting udev Kernel Device Manager...
[    5.055934] EXT4-fs (sda1): re-mounted. Opts: (null)
[    5.058731] systemd[1]: Started Remount Root and Kernel File Systems.
[[0;32m  OK  [0m] Started Remount Root and Kernel File Systems.
[    5.061597] systemd[1]: Starting udev Coldplug all Devices...
         Starting udev Coldplug all Devices...
[    5.067239] systemd[1]: Starting Load/Save Random Seed...
         Starting Load/Save Random Seed...
[    5.071187] systemd[1]: Started Journal Service.
[[0;32m  OK  [0m] Started Journal Service.
         Starting Flush Journal to Persistent Storage...
[[0;32m  OK  [0m] Started udev Kernel Device Manager.
[    5.083300] systemd-journald[403]: Received request to flush runtime journal from PID 1
[[0;32m  OK  [0m] Started Flush Journal to Persistent Storage.
[[0;32m  OK  [0m] Started Load/Save Random Seed.
[[0;32m  OK  [0m] Started Set console keymap.
[[0;32m  OK  [0m] Started udev Coldplug all Devices.
[[0;32m  OK  [0m] Started Dispatch Password Requests to Console Directory Watch.
[    5.120692] iscsi: registered transport (iser)
[[0;32m  OK  [0m] Started Load Kernel Modules.
         Starting Apply Kernel Variables...
         Mounting FUSE Control File System...
[[0;32m  OK  [0m] Mounted FUSE Control File System.
[[0;32m  OK  [0m] Started Apply Kernel Variables.
[[0;32m  OK  [0m] Found device /dev/ttyS0.
[[0;32m  OK  [0m] Found device 82540EM Gigabit Ethern...r (PRO/1000 MT Desktop Adapter).
[[0;32m  OK  [0m] Listening on Load/Save RF Kill Switch Status /dev/rfkill Watch.
[[0;32m  OK  [0m] Started Monitoring of LVM2 mirrors,...ng dmeventd or progress polling.
[[0;32m  OK  [0m] Reached target Local File Systems (Pre).
[[0;32m  OK  [0m] Reached target Local File Systems.
         Starting Initial cloud-init job (pre-networking)...
         Starting Tell Plymouth To Write Out Runtime Data...
         Starting LSB: AppArmor initialization...
         Starting Set console font and keymap...
         Starting Create Volatile Files and Directories...
[[0;32m  OK  [0m] Started Tell Plymouth To Write Out Runtime Data.
[[0;32m  OK  [0m] Started Create Volatile Files and Directories.
         Starting Update UTMP about System Boot/Shutdown...
[[0;32m  OK  [0m] Started LSB: AppArmor initialization.
         Starting Load AppArmor profiles managed internally by snapd...
[[0;32m  OK  [0m] Started Load AppArmor profiles managed internally by snapd.
[[0;32m  OK  [0m] Started Update UTMP about System Boot/Shutdown.
[[0;32m  OK  [0m] Started Set console font and keymap.
[[0;32m  OK  [0m] Created slice system-getty.slice.
[    5.844318] cloud-init[617]: Cloud-init v. 21.1-19-gbad84ad4-0ubuntu1~16.04.2 running 'init-local' at Tue, 10 May 2022 12:01:57 +0000. Up 5.67 seconds.
[[0;32m  OK  [0m] Started Initial cloud-init job (pre-networking).
[[0;32m  OK  [0m] Reached target Network (Pre).
[[0;32m  OK  [0m] Started ifup for enp0s3.
         Starting Raise network interfaces...
[[0;32m  OK  [0m] Started Raise network interfaces.
         Starting Initial cloud-init job (metadata service crawler)...
[[0;32m  OK  [0m] Reached target Network.
[    6.326814] cloud-init[991]: Cloud-init v. 21.1-19-gbad84ad4-0ubuntu1~16.04.2 running 'init' at Tue, 10 May 2022 12:01:57 +0000. Up 6.17 seconds.
[    6.328752] cloud-init[991]: ci-info: ++++++++++++++++++++++++++++++++++++++Net device info++++++++++++++++++++++++++++++++++++++
[    6.330728] cloud-init[991]: ci-info: +--------+------+----------------------------+---------------+--------+-------------------+
[    6.332302] cloud-init[991]: ci-info: | Device |  Up  |          Address           |      Mask     | Scope  |     Hw-Address    |
[    6.334600] cloud-init[991]: ci-info: +--------+------+----------------------------+---------------+--------+-------------------+
[    6.336377] cloud-init[991]: ci-info: | enp0s3 | True |         10.0.2.15          | 255.255.255.0 | global | 02:be:82:6b:cc:1d |
[    6.337847] cloud-init[991]: ci-info: | enp0s3 | True | fe80::be:82ff:fe6b:cc1d/64 |       .       |  link  | 02:be:82:6b:cc:1d |
[    6.339410] cloud-init[991]: ci-info: |   lo   | True |         127.0.0.1          |   255.0.0.0   |  host  |         .         |
[    6.340886] cloud-init[991]: ci-info: |   lo   | True |          ::1/128           |       .       |  host  |         .         |
[    6.342366] cloud-init[991]: ci-info: +--------+------+----------------------------+---------------+--------+-------------------+
[    6.343945] cloud-init[991]: ci-info: +++++++++++++++++++++++++++Route IPv4 info++++++++++++++++++++++++++++
[    6.345140] cloud-init[991]: ci-info: +-------+-------------+----------+---------------+-----------+-------+
[    6.346392] cloud-init[991]: ci-info: | Route | Destination | Gateway  |    Genmask    | Interface | Flags |
[    6.347738] cloud-init[991]: ci-info: +-------+-------------+----------+---------------+-----------+-------+
[    6.349425] cloud-init[991]: ci-info: |   0   |   0.0.0.0   | 10.0.2.2 |    0.0.0.0    |   enp0s3  |   UG  |
[    6.356430] cloud-init[991]: ci-info: |   1   |   10.0.2.0  | 0.0.0.0  | 255.255.255.0 |   enp0s3  |   U   |
[    6.364410] cloud-init[991]: ci-info: +-------+-------------+----------+---------------+-----------+-------+
[    6.365678] cloud-init[991]: ci-info: +++++++++++++++++++Route IPv6 info+++++++++++++++++++
[    6.366750] cloud-init[991]: ci-info: +-------+-------------+---------+-----------+-------+
[    6.367818] cloud-init[991]: ci-info: | Route | Destination | Gateway | Interface | Flags |
[    6.368980] cloud-init[991]: ci-info: +-------+-------------+---------+-----------+-------+
[    6.370151] cloud-init[991]: ci-info: |   0   |  fe80::/64  |    ::   |   enp0s3  |   U   |
[    6.371225] cloud-init[991]: ci-info: |   3   |   ff00::/8  |    ::   |   enp0s3  |   U   |
[    6.372372] cloud-init[991]: ci-info: +-------+-------------+---------+-----------+-------+
[[0;32m  OK  [0m] Started Initial cloud-init job (metadata service crawler).
[[0;32m  OK  [0m] Reached target System Initialization.
[[0;32m  OK  [0m] Listening on ACPID Listen Socket.
[[0;32m  OK  [0m] Started Message of the Day.
[[0;32m  OK  [0m] Started Daily apt download activities.
[[0;32m  OK  [0m] Started Daily apt upgrade and clean activities.
[[0;32m  OK  [0m] Started Ubuntu Advantage update messaging.
[[0;32m  OK  [0m] Listening on UUID daemon activation socket.
         Starting Socket activation for snappy daemon.
[[0;32m  OK  [0m] Listening on D-Bus System Message Bus Socket.
         Starting LXD - unix socket.
[[0;32m  OK  [0m] Started Daily Cleanup of Temporary Directories.
[[0;32m  OK  [0m] Reached target Timers.
[[0;32m  OK  [0m] Started ACPI Events Check.
[[0;32m  OK  [0m] Reached target Paths.
[[0;32m  OK  [0m] Reached target Cloud-config availability.
[[0;32m  OK  [0m] Reached target Network is Online.
         Starting iSCSI initiator daemon (iscsid)...
[[0;32m  OK  [0m] Listening on Socket activation for snappy daemon.
[[0;32m  OK  [0m] Listening on LXD - unix socket.
[[0;32m  OK  [0m] Reached target Sockets.
[[0;32m  OK  [0m] Reached target Basic System.
[[0;32m  OK  [0m] Started Regular background program processing daemon.
[[0;32m  OK  [0m] Started FUSE filesystem for LXC.
         Starting Virtualbox guest utils...
         Starting /etc/rc.local Compatibility...
[[0;32m  OK  [0m] Started Deferred execution scheduler.
         Starting LSB: Record successful boot for GRUB...
         Starting LSB: MD monitoring daemon...
[[0;32m  OK  [0m] Started ACPI event daemon.
         Starting Message of the Day...
         Starting Login Service...
         Starting OpenBSD Secure Shell server...
         Starting Jenkins Continuous Integration Server...
         Starting Ubuntu Advantage APT and MOTD Messages...
[[0;32m  OK  [0m] Started D-Bus System Message Bus.
         Starting LXD - container startup/shutdown...
         Starting Accounts Service...
         Starting System Logging Service...
         Starting Snap Daemon...
[[0;32m  OK  [0m] Started iSCSI initiator daemon (iscsid).
[[0;32m  OK  [0m] Started /etc/rc.local Compatibility.
[[0;32m  OK  [0m] Started Message of the Day.
[[0;32m  OK  [0m] Started OpenBSD Secure Shell server.
         Starting Login to default iSCSI targets...
[[0;32m  OK  [0m] Started Login Service.
[[0;32m  OK  [0m] Started Unattended Upgrades Shutdown.
[[0;32m  OK  [0m] Started System Logging Service.
[[0;32m  OK  [0m] Started LSB: Record successful boot for GRUB.
[[0;32m  OK  [0m] Started Login to default iSCSI targets.
[[0;32m  OK  [0m] Reached target Remote File Systems (Pre).
         Mounting /vagrant...
         Starting Authenticate and Authorize Users to Run Privileged Tasks...
[[0;32m  OK  [0m] Started LSB: MD monitoring daemon.
[[0;1;31mFAILED[0m] Failed to mount /vagrant.
See 'systemctl status vagrant.mount' for details.
[[0;1;33mDEPEND[0m] Dependency failed for Remote File Systems.
         Starting LSB: daemon to balance interrupts for SMP systems...
         Starting LSB: Set the CPU Frequency Scaling governor to "ondemand"...
         Starting LSB: automatic crash report generation...
         Starting Permit User Sessions...
[[0;32m  OK  [0m] Started Permit User Sessions.
         Starting Terminate Plymouth Boot Screen...
         Starting Hold until boot process finishes up...
[[0;32m  OK  [0m] Started Hold until boot process finishes up.
[[0;32m  OK  [0m] Started Terminate Plymouth Boot Screen.
[[0;32m  OK  [0m] Started Getty on tty1.
         Starting Set console scheme...
[[0;32m  OK  [0m] Started Serial Getty on ttyS0.
[[0;32m  OK  [0m] Reached target Login Prompts.
[[0;32m  OK  [0m] Started Set console scheme.
[[0;32m  OK  [0m] Started LSB: automatic crash report generation.
[[0;32m  OK  [0m] Started Authenticate and Authorize Users to Run Privileged Tasks.
[[0;32m  OK  [0m] Started Accounts Service.
[[0;32m  OK  [0m] Started LSB: Set the CPU Frequency Scaling governor to "ondemand".
[[0;32m  OK  [0m] Started LXD - container startup/shutdown.
[[0;32m  OK  [0m] Started LSB: daemon to balance interrupts for SMP systems.
[[0;32m  OK  [0m] Started Virtualbox guest utils.
[[0;32m  OK  [0m] Started Snap Daemon.
         Starting Wait until snapd is fully seeded...
[[0;32m  OK  [0m] Started Wait until snapd is fully seeded.
         Starting Apply the settings specified in cloud-config...
[[0;32m  OK  [0m] Started Ubuntu Advantage APT and MOTD Messages.
[    7.284231] cloud-init[1303]: Cloud-init v. 21.1-19-gbad84ad4-0ubuntu1~16.04.2 running 'modules:config' at Tue, 10 May 2022 12:01:59 +0000. Up 7.20 seconds.
[[0;32m  OK  [0m] Started Apply the settings specified in cloud-config.

Ubuntu 16.04.7 LTS ubuntu-xenial ttyS0

ubuntu-xenial login: [   16.489294] cloud-init[1653]: Cloud-init v. 21.1-19-gbad84ad4-0ubuntu1~16.04.2 running 'modules:final' at Tue, 10 May 2022 12:02:08 +0000. Up 16.41 seconds.
[   16.489544] cloud-init[1653]: Cloud-init v. 21.1-19-gbad84ad4-0ubuntu1~16.04.2 finished at Tue, 10 May 2022 12:02:08 +0000. Datasource DataSourceNoCloud [seed=/dev/sdb][dsmode=net].  Up 16.48 seconds
